#! /usr/bin/vvp
:ivl_version "12.0 (stable)";
:ivl_delay_selection "TYPICAL";
:vpi_time_precision + 0;
:vpi_module "/usr/lib64/ivl/system.vpi";
:vpi_module "/usr/lib64/ivl/vhdl_sys.vpi";
:vpi_module "/usr/lib64/ivl/vhdl_textio.vpi";
:vpi_module "/usr/lib64/ivl/v2005_math.vpi";
:vpi_module "/usr/lib64/ivl/va_math.vpi";
S_0x55bd53ab6580 .scope module, "count_udl" "count_udl" 2 3;
 .timescale 0 0;
    .port_info 0 /INPUT 1 "ck";
    .port_info 1 /INPUT 1 "reset";
    .port_info 2 /INPUT 1 "en";
    .port_info 3 /INPUT 1 "ud";
    .port_info 4 /INPUT 1 "load";
    .port_info 5 /INPUT 8 "d";
    .port_info 6 /OUTPUT 8 "cnt";
o0x7fcb7807c018 .functor BUFZ 1, C4<z>; HiZ drive
v0x55bd53ab7f60_0 .net "ck", 0 0, o0x7fcb7807c018;  0 drivers
v0x55bd53aff180_0 .var "cnt", 7 0;
o0x7fcb7807c078 .functor BUFZ 8, C4<zzzzzzzz>; HiZ drive
v0x55bd53aff260_0 .net "d", 7 0, o0x7fcb7807c078;  0 drivers
o0x7fcb7807c0a8 .functor BUFZ 1, C4<z>; HiZ drive
v0x55bd53aff320_0 .net "en", 0 0, o0x7fcb7807c0a8;  0 drivers
o0x7fcb7807c0d8 .functor BUFZ 1, C4<z>; HiZ drive
v0x55bd53aff3e0_0 .net "load", 0 0, o0x7fcb7807c0d8;  0 drivers
o0x7fcb7807c108 .functor BUFZ 1, C4<z>; HiZ drive
v0x55bd53aff4f0_0 .net "reset", 0 0, o0x7fcb7807c108;  0 drivers
o0x7fcb7807c138 .functor BUFZ 1, C4<z>; HiZ drive
v0x55bd53aff5b0_0 .net "ud", 0 0, o0x7fcb7807c138;  0 drivers
E_0x55bd53aef480 .event posedge, v0x55bd53ab7f60_0;
    .scope S_0x55bd53ab6580;
T_0 ;
    %wait E_0x55bd53aef480;
    %load/vec4 v0x55bd53aff4f0_0;
    %flag_set/vec4 8;
    %jmp/0xz  T_0.0, 8;
    %pushi/vec4 0, 0, 8;
    %assign/vec4 v0x55bd53aff180_0, 0;
    %jmp T_0.1;
T_0.0 ;
    %load/vec4 v0x55bd53aff320_0;
    %flag_set/vec4 8;
    %jmp/0xz  T_0.2, 8;
    %load/vec4 v0x55bd53aff3e0_0;
    %flag_set/vec4 8;
    %jmp/0xz  T_0.4, 8;
    %load/vec4 v0x55bd53aff260_0;
    %assign/vec4 v0x55bd53aff180_0, 0;
    %jmp T_0.5;
T_0.4 ;
    %load/vec4 v0x55bd53aff5b0_0;
    %flag_set/vec4 8;
    %jmp/0xz  T_0.6, 8;
    %load/vec4 v0x55bd53aff180_0;
    %addi 1, 0, 8;
    %assign/vec4 v0x55bd53aff180_0, 0;
    %jmp T_0.7;
T_0.6 ;
    %load/vec4 v0x55bd53aff180_0;
    %subi 1, 0, 8;
    %assign/vec4 v0x55bd53aff180_0, 0;
T_0.7 ;
T_0.5 ;
T_0.2 ;
T_0.1 ;
    %jmp T_0;
    .thread T_0;
# The file index is used to find the file name in the following table.
:file_names 3;
    "N/A";
    "<interactive>";
    "11.CounterBDir_REL.v";
