#! /usr/bin/vvp
:ivl_version "12.0 (stable)";
:ivl_delay_selection "TYPICAL";
:vpi_time_precision + 0;
:vpi_module "/usr/lib64/ivl/system.vpi";
:vpi_module "/usr/lib64/ivl/vhdl_sys.vpi";
:vpi_module "/usr/lib64/ivl/vhdl_textio.vpi";
:vpi_module "/usr/lib64/ivl/v2005_math.vpi";
:vpi_module "/usr/lib64/ivl/va_math.vpi";
S_0x55dc12994550 .scope module, "counter8RE" "counter8RE" 2 3;
 .timescale 0 0;
    .port_info 0 /INPUT 1 "reset";
    .port_info 1 /INPUT 1 "clk";
    .port_info 2 /OUTPUT 8 "cnt";
    .port_info 3 /INPUT 1 "en";
o0x7fc41a2ca018 .functor BUFZ 1, C4<z>; HiZ drive
v0x55dc12995f60_0 .net "clk", 0 0, o0x7fc41a2ca018;  0 drivers
v0x55dc129db720_0 .var "cnt", 7 0;
o0x7fc41a2ca078 .functor BUFZ 1, C4<z>; HiZ drive
v0x55dc129db800_0 .net "en", 0 0, o0x7fc41a2ca078;  0 drivers
o0x7fc41a2ca0a8 .functor BUFZ 1, C4<z>; HiZ drive
v0x55dc129db8d0_0 .net "reset", 0 0, o0x7fc41a2ca0a8;  0 drivers
E_0x55dc129cd2a0 .event posedge, v0x55dc12995f60_0;
    .scope S_0x55dc12994550;
T_0 ;
    %wait E_0x55dc129cd2a0;
    %load/vec4 v0x55dc129db8d0_0;
    %flag_set/vec4 8;
    %jmp/0xz  T_0.0, 8;
    %pushi/vec4 0, 0, 8;
    %store/vec4 v0x55dc129db720_0, 0, 8;
    %jmp T_0.1;
T_0.0 ;
    %load/vec4 v0x55dc129db800_0;
    %flag_set/vec4 8;
    %jmp/0xz  T_0.2, 8;
    %load/vec4 v0x55dc129db720_0;
    %addi 1, 0, 8;
    %assign/vec4 v0x55dc129db720_0, 0;
T_0.2 ;
T_0.1 ;
    %jmp T_0;
    .thread T_0;
# The file index is used to find the file name in the following table.
:file_names 3;
    "N/A";
    "<interactive>";
    "11.Counter_RE.v";
