#! /usr/bin/vvp
:ivl_version "12.0 (stable)";
:ivl_delay_selection "TYPICAL";
:vpi_time_precision + 0;
:vpi_module "/usr/lib64/ivl/system.vpi";
:vpi_module "/usr/lib64/ivl/vhdl_sys.vpi";
:vpi_module "/usr/lib64/ivl/vhdl_textio.vpi";
:vpi_module "/usr/lib64/ivl/v2005_math.vpi";
:vpi_module "/usr/lib64/ivl/va_math.vpi";
S_0x564c71eec550 .scope module, "reg8Rsync" "reg8Rsync" 2 3;
 .timescale 0 0;
    .port_info 0 /INPUT 8 "d";
    .port_info 1 /OUTPUT 8 "q";
    .port_info 2 /INPUT 1 "r";
    .port_info 3 /INPUT 1 "clk";
o0x7fc04c87a018 .functor BUFZ 1, C4<z>; HiZ drive
v0x564c71eedf60_0 .net "clk", 0 0, o0x7fc04c87a018;  0 drivers
o0x7fc04c87a048 .functor BUFZ 8, C4<zzzzzzzz>; HiZ drive
v0x564c71f33660_0 .net "d", 7 0, o0x7fc04c87a048;  0 drivers
v0x564c71f33740_0 .var "q", 7 0;
o0x7fc04c87a0a8 .functor BUFZ 1, C4<z>; HiZ drive
v0x564c71f33830_0 .net "r", 0 0, o0x7fc04c87a0a8;  0 drivers
E_0x564c71eecd60 .event posedge, v0x564c71eedf60_0;
    .scope S_0x564c71eec550;
T_0 ;
    %wait E_0x564c71eecd60;
    %load/vec4 v0x564c71f33830_0;
    %flag_set/vec4 8;
    %jmp/0xz  T_0.0, 8;
    %pushi/vec4 0, 0, 8;
    %assign/vec4 v0x564c71f33740_0, 0;
    %jmp T_0.1;
T_0.0 ;
    %load/vec4 v0x564c71f33660_0;
    %assign/vec4 v0x564c71f33740_0, 0;
T_0.1 ;
    %jmp T_0;
    .thread T_0;
# The file index is used to find the file name in the following table.
:file_names 3;
    "N/A";
    "<interactive>";
    "11.Reg_Rsincrono.v";
