#! /usr/bin/vvp
:ivl_version "12.0 (stable)";
:ivl_delay_selection "TYPICAL";
:vpi_time_precision + 0;
:vpi_module "/usr/lib64/ivl/system.vpi";
:vpi_module "/usr/lib64/ivl/vhdl_sys.vpi";
:vpi_module "/usr/lib64/ivl/vhdl_textio.vpi";
:vpi_module "/usr/lib64/ivl/v2005_math.vpi";
:vpi_module "/usr/lib64/ivl/va_math.vpi";
S_0x55d21d0a2510 .scope module, "shiftreg16b8tap" "shiftreg16b8tap" 2 3;
 .timescale 0 0;
    .port_info 0 /INPUT 1 "ck";
    .port_info 1 /INPUT 1 "reset";
    .port_info 2 /INPUT 16 "Din";
    .port_info 3 /OUTPUT 16 "Dout";
v0x55d21d0a2730_7 .array/port v0x55d21d0a2730, 7;
L_0x55d21d0ed650 .functor BUFZ 16, v0x55d21d0a2730_7, C4<0000000000000000>, C4<0000000000000000>, C4<0000000000000000>;
v0x55d21d0a2730 .array "D", 0 7, 15 0;
o0x7f1ef7980198 .functor BUFZ 16, C4<zzzzzzzzzzzzzzzz>; HiZ drive
v0x55d21d0ed180_0 .net "Din", 15 0, o0x7f1ef7980198;  0 drivers
v0x55d21d0ed260_0 .net "Dout", 15 0, L_0x55d21d0ed650;  1 drivers
o0x7f1ef79801f8 .functor BUFZ 1, C4<z>; HiZ drive
v0x55d21d0ed320_0 .net "ck", 0 0, o0x7f1ef79801f8;  0 drivers
v0x55d21d0ed3e0_0 .var/i "k", 31 0;
o0x7f1ef7980258 .functor BUFZ 1, C4<z>; HiZ drive
v0x55d21d0ed510_0 .net "reset", 0 0, o0x7f1ef7980258;  0 drivers
E_0x55d21d0a2c30 .event posedge, v0x55d21d0ed510_0, v0x55d21d0ed320_0;
    .scope S_0x55d21d0a2510;
T_0 ;
    %wait E_0x55d21d0a2c30;
    %load/vec4 v0x55d21d0ed510_0;
    %flag_set/vec4 8;
    %jmp/0xz  T_0.0, 8;
    %pushi/vec4 0, 0, 32;
    %store/vec4 v0x55d21d0ed3e0_0, 0, 32;
T_0.2 ;
    %load/vec4 v0x55d21d0ed3e0_0;
    %cmpi/s 8, 0, 32;
    %jmp/0xz T_0.3, 5;
    %pushi/vec4 0, 0, 16;
    %ix/getv/s 3, v0x55d21d0ed3e0_0;
    %ix/load 4, 0, 0; Constant delay
    %assign/vec4/a/d v0x55d21d0a2730, 0, 4;
    %load/vec4 v0x55d21d0ed3e0_0;
    %addi 1, 0, 32;
    %store/vec4 v0x55d21d0ed3e0_0, 0, 32;
    %jmp T_0.2;
T_0.3 ;
    %jmp T_0.1;
T_0.0 ;
    %pushi/vec4 7, 0, 32;
    %store/vec4 v0x55d21d0ed3e0_0, 0, 32;
T_0.4 ;
    %load/vec4 v0x55d21d0ed3e0_0;
    %cmpi/s 0, 0, 32;
    %flag_or 5, 4; GT is !LE
    %flag_inv 5;
    %jmp/0xz T_0.5, 5;
    %load/vec4 v0x55d21d0ed3e0_0;
    %subi 1, 0, 32;
    %ix/vec4/s 4;
    %load/vec4a v0x55d21d0a2730, 4;
    %ix/getv/s 3, v0x55d21d0ed3e0_0;
    %ix/load 4, 0, 0; Constant delay
    %assign/vec4/a/d v0x55d21d0a2730, 0, 4;
    %load/vec4 v0x55d21d0ed3e0_0;
    %subi 1, 0, 32;
    %store/vec4 v0x55d21d0ed3e0_0, 0, 32;
    %jmp T_0.4;
T_0.5 ;
    %load/vec4 v0x55d21d0ed180_0;
    %ix/load 3, 0, 0;
    %flag_set/imm 4, 0;
    %ix/load 4, 0, 0; Constant delay
    %assign/vec4/a/d v0x55d21d0a2730, 0, 4;
T_0.1 ;
    %jmp T_0;
    .thread T_0;
# The file index is used to find the file name in the following table.
:file_names 3;
    "N/A";
    "<interactive>";
    "11.SReg_Rasincrono_8stadi_SegnBidim.v";
