#! /usr/bin/vvp
:ivl_version "12.0 (stable)";
:ivl_delay_selection "TYPICAL";
:vpi_time_precision + 0;
:vpi_module "/usr/lib64/ivl/system.vpi";
:vpi_module "/usr/lib64/ivl/vhdl_sys.vpi";
:vpi_module "/usr/lib64/ivl/vhdl_textio.vpi";
:vpi_module "/usr/lib64/ivl/v2005_math.vpi";
:vpi_module "/usr/lib64/ivl/va_math.vpi";
S_0x55a0a2a3d570 .scope module, "shiftreg8b3tap" "shiftreg8b3tap" 2 3;
 .timescale 0 0;
    .port_info 0 /INPUT 1 "ck";
    .port_info 1 /INPUT 1 "reset";
    .port_info 2 /INPUT 8 "Din";
    .port_info 3 /OUTPUT 8 "Dout";
L_0x55a0a2a63180 .functor BUFZ 8, v0x55a0a2a632a0_0, C4<00000000>, C4<00000000>, C4<00000000>;
v0x55a0a2a3eac0_0 .var "D0", 7 0;
v0x55a0a2a3ef60_0 .var "D1", 7 0;
v0x55a0a2a632a0_0 .var "D2", 7 0;
o0x7fefeb1ab0a8 .functor BUFZ 8, C4<zzzzzzzz>; HiZ drive
v0x55a0a2a63340_0 .net "Din", 7 0, o0x7fefeb1ab0a8;  0 drivers
v0x55a0a2a87890_0 .net "Dout", 7 0, L_0x55a0a2a63180;  1 drivers
o0x7fefeb1ab108 .functor BUFZ 1, C4<z>; HiZ drive
v0x55a0a2a879c0_0 .net "ck", 0 0, o0x7fefeb1ab108;  0 drivers
o0x7fefeb1ab138 .functor BUFZ 1, C4<z>; HiZ drive
v0x55a0a2a87a80_0 .net "reset", 0 0, o0x7fefeb1ab138;  0 drivers
E_0x55a0a2a76480 .event posedge, v0x55a0a2a87a80_0, v0x55a0a2a879c0_0;
    .scope S_0x55a0a2a3d570;
T_0 ;
    %wait E_0x55a0a2a76480;
    %load/vec4 v0x55a0a2a87a80_0;
    %flag_set/vec4 8;
    %jmp/0xz  T_0.0, 8;
    %pushi/vec4 0, 0, 8;
    %assign/vec4 v0x55a0a2a3eac0_0, 0;
    %jmp T_0.1;
T_0.0 ;
    %load/vec4 v0x55a0a2a63340_0;
    %assign/vec4 v0x55a0a2a3eac0_0, 0;
T_0.1 ;
    %jmp T_0;
    .thread T_0;
    .scope S_0x55a0a2a3d570;
T_1 ;
    %wait E_0x55a0a2a76480;
    %load/vec4 v0x55a0a2a87a80_0;
    %flag_set/vec4 8;
    %jmp/0xz  T_1.0, 8;
    %pushi/vec4 0, 0, 8;
    %assign/vec4 v0x55a0a2a3ef60_0, 0;
    %jmp T_1.1;
T_1.0 ;
    %load/vec4 v0x55a0a2a3eac0_0;
    %assign/vec4 v0x55a0a2a3ef60_0, 0;
T_1.1 ;
    %jmp T_1;
    .thread T_1;
    .scope S_0x55a0a2a3d570;
T_2 ;
    %wait E_0x55a0a2a76480;
    %load/vec4 v0x55a0a2a87a80_0;
    %flag_set/vec4 8;
    %jmp/0xz  T_2.0, 8;
    %pushi/vec4 0, 0, 8;
    %assign/vec4 v0x55a0a2a632a0_0, 0;
    %jmp T_2.1;
T_2.0 ;
    %load/vec4 v0x55a0a2a3ef60_0;
    %assign/vec4 v0x55a0a2a632a0_0, 0;
T_2.1 ;
    %jmp T_2;
    .thread T_2;
# The file index is used to find the file name in the following table.
:file_names 3;
    "N/A";
    "<interactive>";
    "11.SReg_Rasincrono_3stadi.v";
