#! /usr/bin/vvp
:ivl_version "12.0 (stable)";
:ivl_delay_selection "TYPICAL";
:vpi_time_precision + 0;
:vpi_module "/usr/lib64/ivl/system.vpi";
:vpi_module "/usr/lib64/ivl/vhdl_sys.vpi";
:vpi_module "/usr/lib64/ivl/vhdl_textio.vpi";
:vpi_module "/usr/lib64/ivl/v2005_math.vpi";
:vpi_module "/usr/lib64/ivl/va_math.vpi";
S_0x563196656560 .scope module, "latch" "latch" 2 1;
 .timescale 0 0;
    .port_info 0 /INPUT 1 "d";
    .port_info 1 /OUTPUT 1 "q";
    .port_info 2 /INPUT 1 "clk";
o0x7ff8445ae018 .functor BUFZ 1, C4<z>; HiZ drive
v0x563196656760_0 .net "clk", 0 0, o0x7ff8445ae018;  0 drivers
o0x7ff8445ae048 .functor BUFZ 1, C4<z>; HiZ drive
v0x56319669cc40_0 .net "d", 0 0, o0x7ff8445ae048;  0 drivers
v0x56319669cd00_0 .var "q", 0 0;
E_0x563196656c30/0 .event anyedge, v0x56319669cc40_0;
E_0x563196656c30/1 .event posedge, v0x563196656760_0;
E_0x563196656c30 .event/or E_0x563196656c30/0, E_0x563196656c30/1;
    .scope S_0x563196656560;
T_0 ;
    %wait E_0x563196656c30;
    %load/vec4 v0x563196656760_0;
    %flag_set/vec4 8;
    %jmp/0xz  T_0.0, 8;
    %load/vec4 v0x56319669cc40_0;
    %assign/vec4 v0x56319669cd00_0, 0;
T_0.0 ;
    %jmp T_0;
    .thread T_0;
# The file index is used to find the file name in the following table.
:file_names 3;
    "N/A";
    "<interactive>";
    "11.Latch.v";
