#! /usr/bin/vvp
:ivl_version "12.0 (stable)";
:ivl_delay_selection "TYPICAL";
:vpi_time_precision + 0;
:vpi_module "/usr/lib64/ivl/system.vpi";
:vpi_module "/usr/lib64/ivl/vhdl_sys.vpi";
:vpi_module "/usr/lib64/ivl/vhdl_textio.vpi";
:vpi_module "/usr/lib64/ivl/v2005_math.vpi";
:vpi_module "/usr/lib64/ivl/va_math.vpi";
S_0x559542e684e0 .scope module, "ffPRENasync" "ffPRENasync" 2 3;
 .timescale 0 0;
    .port_info 0 /INPUT 1 "d";
    .port_info 1 /OUTPUT 1 "q";
    .port_info 2 /INPUT 1 "clk";
    .port_info 3 /INPUT 1 "reset";
    .port_info 4 /INPUT 1 "preset";
    .port_info 5 /INPUT 1 "en";
o0x7f44479ae018 .functor BUFZ 1, C4<z>; HiZ drive
v0x559542e68710_0 .net "clk", 0 0, o0x7f44479ae018;  0 drivers
o0x7f44479ae048 .functor BUFZ 1, C4<z>; HiZ drive
v0x559542eb0580_0 .net "d", 0 0, o0x7f44479ae048;  0 drivers
o0x7f44479ae078 .functor BUFZ 1, C4<z>; HiZ drive
v0x559542eb0640_0 .net "en", 0 0, o0x7f44479ae078;  0 drivers
o0x7f44479ae0a8 .functor BUFZ 1, C4<z>; HiZ drive
v0x559542eb06e0_0 .net "preset", 0 0, o0x7f44479ae0a8;  0 drivers
v0x559542eb07a0_0 .var "q", 0 0;
o0x7f44479ae108 .functor BUFZ 1, C4<z>; HiZ drive
v0x559542eb08b0_0 .net "reset", 0 0, o0x7f44479ae108;  0 drivers
E_0x559542e69080/0 .event negedge, v0x559542eb06e0_0, v0x559542eb08b0_0;
E_0x559542e69080/1 .event posedge, v0x559542e68710_0;
E_0x559542e69080 .event/or E_0x559542e69080/0, E_0x559542e69080/1;
    .scope S_0x559542e684e0;
T_0 ;
    %wait E_0x559542e69080;
    %load/vec4 v0x559542eb08b0_0;
    %cmpi/e 0, 0, 1;
    %jmp/0xz  T_0.0, 4;
    %pushi/vec4 0, 0, 1;
    %assign/vec4 v0x559542eb07a0_0, 0;
    %jmp T_0.1;
T_0.0 ;
    %load/vec4 v0x559542eb06e0_0;
    %cmpi/e 0, 0, 1;
    %jmp/0xz  T_0.2, 4;
    %pushi/vec4 0, 0, 1;
    %assign/vec4 v0x559542eb07a0_0, 0;
    %jmp T_0.3;
T_0.2 ;
    %load/vec4 v0x559542eb0640_0;
    %flag_set/vec4 8;
    %jmp/0xz  T_0.4, 8;
    %load/vec4 v0x559542eb0580_0;
    %assign/vec4 v0x559542eb07a0_0, 0;
T_0.4 ;
T_0.3 ;
T_0.1 ;
    %jmp T_0;
    .thread T_0;
# The file index is used to find the file name in the following table.
:file_names 3;
    "N/A";
    "<interactive>";
    "11.FlipFlopD_PRENasincrono.v";
