#! /usr/bin/vvp
:ivl_version "12.0 (stable)";
:ivl_delay_selection "TYPICAL";
:vpi_time_precision + 0;
:vpi_module "/usr/lib64/ivl/system.vpi";
:vpi_module "/usr/lib64/ivl/vhdl_sys.vpi";
:vpi_module "/usr/lib64/ivl/vhdl_textio.vpi";
:vpi_module "/usr/lib64/ivl/v2005_math.vpi";
:vpi_module "/usr/lib64/ivl/va_math.vpi";
S_0x5637caf16560 .scope module, "df" "df" 2 2;
 .timescale 0 0;
    .port_info 0 /INPUT 1 "d";
    .port_info 1 /OUTPUT 1 "q";
    .port_info 2 /INPUT 1 "clk";
o0x7f7e812ca018 .functor BUFZ 1, C4<z>; HiZ drive
v0x5637caf17f60_0 .net "clk", 0 0, o0x7f7e812ca018;  0 drivers
o0x7f7e812ca048 .functor BUFZ 1, C4<z>; HiZ drive
v0x5637caf5c8b0_0 .net "d", 0 0, o0x7f7e812ca048;  0 drivers
v0x5637caf5c970_0 .var "q", 0 0;
E_0x5637caf16c30 .event posedge, v0x5637caf17f60_0;
    .scope S_0x5637caf16560;
T_0 ;
    %wait E_0x5637caf16c30;
    %load/vec4 v0x5637caf5c8b0_0;
    %assign/vec4 v0x5637caf5c970_0, 0;
    %jmp T_0;
    .thread T_0;
# The file index is used to find the file name in the following table.
:file_names 3;
    "N/A";
    "<interactive>";
    "11.FlipFlopD_noRPE.v";
