#! /usr/bin/vvp
:ivl_version "12.0 (stable)";
:ivl_delay_selection "TYPICAL";
:vpi_time_precision + 0;
:vpi_module "/usr/lib64/ivl/system.vpi";
:vpi_module "/usr/lib64/ivl/vhdl_sys.vpi";
:vpi_module "/usr/lib64/ivl/vhdl_textio.vpi";
:vpi_module "/usr/lib64/ivl/v2005_math.vpi";
:vpi_module "/usr/lib64/ivl/va_math.vpi";
S_0x55b5cb7e4550 .scope module, "ffEN" "ffEN" 2 3;
 .timescale 0 0;
    .port_info 0 /INPUT 1 "d";
    .port_info 1 /OUTPUT 1 "q";
    .port_info 2 /INPUT 1 "clk";
    .port_info 3 /INPUT 1 "en";
o0x7f9fdb2b8018 .functor BUFZ 1, C4<z>; HiZ drive
v0x55b5cb7e5f60_0 .net "clk", 0 0, o0x7f9fdb2b8018;  0 drivers
o0x7f9fdb2b8048 .functor BUFZ 1, C4<z>; HiZ drive
v0x55b5cb82ae20_0 .net "d", 0 0, o0x7f9fdb2b8048;  0 drivers
o0x7f9fdb2b8078 .functor BUFZ 1, C4<z>; HiZ drive
v0x55b5cb82aee0_0 .net "en", 0 0, o0x7f9fdb2b8078;  0 drivers
v0x55b5cb82afb0_0 .var "q", 0 0;
E_0x55b5cb7e4c00 .event posedge, v0x55b5cb7e5f60_0;
    .scope S_0x55b5cb7e4550;
T_0 ;
    %wait E_0x55b5cb7e4c00;
    %load/vec4 v0x55b5cb82aee0_0;
    %flag_set/vec4 8;
    %jmp/0xz  T_0.0, 8;
    %load/vec4 v0x55b5cb82ae20_0;
    %assign/vec4 v0x55b5cb82afb0_0, 0;
T_0.0 ;
    %jmp T_0;
    .thread T_0;
# The file index is used to find the file name in the following table.
:file_names 3;
    "N/A";
    "<interactive>";
    "11.FlipFlopD_EN.v";
