#! /usr/bin/vvp
:ivl_version "12.0 (stable)";
:ivl_delay_selection "TYPICAL";
:vpi_time_precision + 0;
:vpi_module "/usr/lib64/ivl/system.vpi";
:vpi_module "/usr/lib64/ivl/vhdl_sys.vpi";
:vpi_module "/usr/lib64/ivl/vhdl_textio.vpi";
:vpi_module "/usr/lib64/ivl/v2005_math.vpi";
:vpi_module "/usr/lib64/ivl/va_math.vpi";
S_0x55749f1aa550 .scope module, "ffRENasync" "ffRENasync" 2 3;
 .timescale 0 0;
    .port_info 0 /INPUT 1 "d";
    .port_info 1 /OUTPUT 1 "q";
    .port_info 2 /INPUT 1 "clk";
    .port_info 3 /INPUT 1 "en";
    .port_info 4 /INPUT 1 "r";
o0x7f476967d018 .functor BUFZ 1, C4<z>; HiZ drive
v0x55749f1aa700_0 .net "clk", 0 0, o0x7f476967d018;  0 drivers
o0x7f476967d048 .functor BUFZ 1, C4<z>; HiZ drive
v0x55749f1f19d0_0 .net "d", 0 0, o0x7f476967d048;  0 drivers
o0x7f476967d078 .functor BUFZ 1, C4<z>; HiZ drive
v0x55749f1f1a90_0 .net "en", 0 0, o0x7f476967d078;  0 drivers
v0x55749f1f1b60_0 .var "q", 0 0;
o0x7f476967d0d8 .functor BUFZ 1, C4<z>; HiZ drive
v0x55749f1f1c20_0 .net "r", 0 0, o0x7f476967d0d8;  0 drivers
E_0x55749f1ab030/0 .event negedge, v0x55749f1f1c20_0;
E_0x55749f1ab030/1 .event posedge, v0x55749f1aa700_0;
E_0x55749f1ab030 .event/or E_0x55749f1ab030/0, E_0x55749f1ab030/1;
    .scope S_0x55749f1aa550;
T_0 ;
    %wait E_0x55749f1ab030;
    %load/vec4 v0x55749f1f1c20_0;
    %cmpi/e 0, 0, 1;
    %jmp/0xz  T_0.0, 4;
    %pushi/vec4 0, 0, 1;
    %assign/vec4 v0x55749f1f1b60_0, 0;
    %jmp T_0.1;
T_0.0 ;
    %load/vec4 v0x55749f1f1a90_0;
    %flag_set/vec4 8;
    %jmp/0xz  T_0.2, 8;
    %load/vec4 v0x55749f1f19d0_0;
    %assign/vec4 v0x55749f1f1b60_0, 0;
T_0.2 ;
T_0.1 ;
    %jmp T_0;
    .thread T_0;
# The file index is used to find the file name in the following table.
:file_names 3;
    "N/A";
    "<interactive>";
    "FlipFlopD_REN_asincrono.v";
