#! /usr/bin/vvp
:ivl_version "12.0 (stable)";
:ivl_delay_selection "TYPICAL";
:vpi_time_precision + 0;
:vpi_module "/usr/lib64/ivl/system.vpi";
:vpi_module "/usr/lib64/ivl/vhdl_sys.vpi";
:vpi_module "/usr/lib64/ivl/vhdl_textio.vpi";
:vpi_module "/usr/lib64/ivl/v2005_math.vpi";
:vpi_module "/usr/lib64/ivl/va_math.vpi";
S_0x5648726f9550 .scope module, "FFToggle" "FFToggle" 2 3;
 .timescale 0 0;
    .port_info 0 /INPUT 1 "ck";
    .port_info 1 /INPUT 1 "en";
    .port_info 2 /INPUT 1 "r";
    .port_info 3 /OUTPUT 1 "led";
o0x7f1bfc6fa018 .functor BUFZ 1, C4<z>; HiZ drive
v0x5648726faf60_0 .net "ck", 0 0, o0x7f1bfc6fa018;  0 drivers
o0x7f1bfc6fa048 .functor BUFZ 1, C4<z>; HiZ drive
v0x564872740300_0 .net "en", 0 0, o0x7f1bfc6fa048;  0 drivers
v0x5648727403c0_0 .var "led", 0 0;
o0x7f1bfc6fa0a8 .functor BUFZ 1, C4<z>; HiZ drive
v0x564872740490_0 .net "r", 0 0, o0x7f1bfc6fa0a8;  0 drivers
E_0x5648726f9d60 .event posedge, v0x5648726faf60_0;
    .scope S_0x5648726f9550;
T_0 ;
    %wait E_0x5648726f9d60;
    %load/vec4 v0x564872740490_0;
    %flag_set/vec4 8;
    %jmp/0xz  T_0.0, 8;
    %pushi/vec4 0, 0, 1;
    %assign/vec4 v0x5648727403c0_0, 0;
    %jmp T_0.1;
T_0.0 ;
    %load/vec4 v0x564872740300_0;
    %flag_set/vec4 8;
    %jmp/0xz  T_0.2, 8;
    %load/vec4 v0x5648727403c0_0;
    %inv;
    %assign/vec4 v0x5648727403c0_0, 0;
T_0.2 ;
T_0.1 ;
    %jmp T_0;
    .thread T_0;
# The file index is used to find the file name in the following table.
:file_names 3;
    "N/A";
    "<interactive>";
    "FFToggle.v";
