#! /usr/bin/vvp
:ivl_version "12.0 (stable)";
:ivl_delay_selection "TYPICAL";
:vpi_time_precision + 0;
:vpi_module "/usr/lib64/ivl/system.vpi";
:vpi_module "/usr/lib64/ivl/vhdl_sys.vpi";
:vpi_module "/usr/lib64/ivl/vhdl_textio.vpi";
:vpi_module "/usr/lib64/ivl/v2005_math.vpi";
:vpi_module "/usr/lib64/ivl/va_math.vpi";
S_0x55db4e6815a0 .scope module, "majority" "majority" 2 5;
 .timescale 0 0;
    .port_info 0 /INPUT 3 "A";
    .port_info 1 /OUTPUT 1 "Y";
o0x7feb293ae018 .functor BUFZ 3, C4<zzz>; HiZ drive
v0x55db4e682f60_0 .net "A", 2 0, o0x7feb293ae018;  0 drivers
v0x55db4e6c8ac0_0 .var "Y", 0 0;
E_0x55db4e681b60 .event anyedge, v0x55db4e682f60_0;
    .scope S_0x55db4e6815a0;
T_0 ;
    %wait E_0x55db4e681b60;
    %load/vec4 v0x55db4e682f60_0;
    %dup/vec4;
    %pushi/vec4 3, 0, 3;
    %cmp/u;
    %jmp/1 T_0.0, 6;
    %dup/vec4;
    %pushi/vec4 6, 0, 3;
    %cmp/u;
    %jmp/1 T_0.1, 6;
    %dup/vec4;
    %pushi/vec4 5, 0, 3;
    %cmp/u;
    %jmp/1 T_0.2, 6;
    %dup/vec4;
    %pushi/vec4 7, 0, 3;
    %cmp/u;
    %jmp/1 T_0.3, 6;
    %pushi/vec4 0, 0, 1;
    %assign/vec4 v0x55db4e6c8ac0_0, 0;
    %jmp T_0.5;
T_0.0 ;
    %pushi/vec4 1, 0, 1;
    %assign/vec4 v0x55db4e6c8ac0_0, 0;
    %jmp T_0.5;
T_0.1 ;
    %pushi/vec4 1, 0, 1;
    %assign/vec4 v0x55db4e6c8ac0_0, 0;
    %jmp T_0.5;
T_0.2 ;
    %pushi/vec4 1, 0, 1;
    %assign/vec4 v0x55db4e6c8ac0_0, 0;
    %jmp T_0.5;
T_0.3 ;
    %pushi/vec4 1, 0, 1;
    %assign/vec4 v0x55db4e6c8ac0_0, 0;
    %jmp T_0.5;
T_0.5 ;
    %pop/vec4 1;
    %jmp T_0;
    .thread T_0, $push;
# The file index is used to find the file name in the following table.
:file_names 3;
    "N/A";
    "<interactive>";
    "majority.v";
