#! /usr/bin/vvp
:ivl_version "12.0 (stable)";
:ivl_delay_selection "TYPICAL";
:vpi_time_precision + 0;
:vpi_module "/usr/lib64/ivl/system.vpi";
:vpi_module "/usr/lib64/ivl/vhdl_sys.vpi";
:vpi_module "/usr/lib64/ivl/vhdl_textio.vpi";
:vpi_module "/usr/lib64/ivl/v2005_math.vpi";
:vpi_module "/usr/lib64/ivl/va_math.vpi";
S_0x55bd5dff0560 .scope module, "max_sat" "max_sat" 2 8;
 .timescale 0 0;
    .port_info 0 /INPUT 8 "A";
    .port_info 1 /INPUT 8 "B";
    .port_info 2 /OUTPUT 8 "Y";
o0x7f860e5de018 .functor BUFZ 8, C4<zzzzzzzz>; HiZ drive
v0x55bd5dff0760_0 .net "A", 7 0, o0x7f860e5de018;  0 drivers
o0x7f860e5de048 .functor BUFZ 8, C4<zzzzzzzz>; HiZ drive
v0x55bd5e038020_0 .net "B", 7 0, o0x7f860e5de048;  0 drivers
v0x55bd5e038100_0 .var "Y", 7 0;
E_0x55bd5dff0c90 .event anyedge, v0x55bd5e038020_0, v0x55bd5dff0760_0;
    .scope S_0x55bd5dff0560;
T_0 ;
    %wait E_0x55bd5dff0c90;
    %load/vec4 v0x55bd5dff0760_0;
    %cmpi/u 200, 0, 8;
    %flag_or 5, 4; GT is !LE
    %flag_inv 5;
    %jmp/1 T_0.2, 5;
    %flag_mov 8, 5;
    %load/vec4 v0x55bd5e038020_0;
    %cmpi/u 200, 0, 8;
    %flag_or 5, 4; GT is !LE
    %flag_inv 5;
    %flag_or 5, 8;
T_0.2;
    %jmp/0xz  T_0.0, 5;
    %pushi/vec4 200, 0, 8;
    %assign/vec4 v0x55bd5e038100_0, 0;
    %jmp T_0.1;
T_0.0 ;
    %load/vec4 v0x55bd5e038020_0;
    %load/vec4 v0x55bd5dff0760_0;
    %cmp/u;
    %jmp/0xz  T_0.3, 5;
    %load/vec4 v0x55bd5dff0760_0;
    %assign/vec4 v0x55bd5e038100_0, 0;
    %jmp T_0.4;
T_0.3 ;
    %load/vec4 v0x55bd5e038020_0;
    %assign/vec4 v0x55bd5e038100_0, 0;
T_0.4 ;
T_0.1 ;
    %jmp T_0;
    .thread T_0, $push;
# The file index is used to find the file name in the following table.
:file_names 3;
    "N/A";
    "<interactive>";
    "max_saturazione.v";
