#! /usr/bin/vvp
:ivl_version "12.0 (stable)";
:ivl_delay_selection "TYPICAL";
:vpi_time_precision + 0;
:vpi_module "/usr/lib64/ivl/system.vpi";
:vpi_module "/usr/lib64/ivl/vhdl_sys.vpi";
:vpi_module "/usr/lib64/ivl/vhdl_textio.vpi";
:vpi_module "/usr/lib64/ivl/v2005_math.vpi";
:vpi_module "/usr/lib64/ivl/va_math.vpi";
S_0x559ef62f8530 .scope module, "mux21" "mux21" 2 4;
 .timescale 0 0;
    .port_info 0 /INPUT 8 "ln1";
    .port_info 1 /INPUT 8 "ln2";
    .port_info 2 /OUTPUT 8 "Art";
o0x7fe15f1ae018 .functor BUFZ 1, C4<z>; HiZ drive
v0x559ef62f9f60_0 .net "A", 0 0, o0x7fe15f1ae018;  0 drivers
v0x559ef633eea0_0 .net "Art", 7 0, L_0x559ef633f1a0;  1 drivers
o0x7fe15f1ae078 .functor BUFZ 8, C4<zzzzzzzz>; HiZ drive
v0x559ef633ef80_0 .net "ln1", 7 0, o0x7fe15f1ae078;  0 drivers
o0x7fe15f1ae0a8 .functor BUFZ 8, C4<zzzzzzzz>; HiZ drive
v0x559ef633f040_0 .net "ln2", 7 0, o0x7fe15f1ae0a8;  0 drivers
L_0x559ef633f1a0 .functor MUXZ 8, o0x7fe15f1ae0a8, o0x7fe15f1ae078, o0x7fe15f1ae018, C4<>;
# The file index is used to find the file name in the following table.
:file_names 3;
    "N/A";
    "<interactive>";
    "mux21.v";
