#! /usr/bin/vvp
:ivl_version "12.0 (stable)";
:ivl_delay_selection "TYPICAL";
:vpi_time_precision + 0;
:vpi_module "/usr/lib64/ivl/system.vpi";
:vpi_module "/usr/lib64/ivl/vhdl_sys.vpi";
:vpi_module "/usr/lib64/ivl/vhdl_textio.vpi";
:vpi_module "/usr/lib64/ivl/v2005_math.vpi";
:vpi_module "/usr/lib64/ivl/va_math.vpi";
S_0x562b325a1510 .scope module, "sreg8_8" "sreg8_8" 2 10;
 .timescale 0 0;
    .port_info 0 /INPUT 8 "A";
    .port_info 1 /OUTPUT 8 "B";
    .port_info 2 /INPUT 1 "clk";
o0x7f47886fa018 .functor BUFZ 8, C4<zzzzzzzz>; HiZ drive
v0x562b325a16f0_0 .net "A", 7 0, o0x7f47886fa018;  0 drivers
v0x562b325ebef0_0 .var "B", 7 0;
v0x562b325ebfd0 .array "D", 0 3, 7 0;
v0x562b325ec0f0_0 .net "Y", 0 0, L_0x562b325ec4e0;  1 drivers
o0x7f47886fa168 .functor BUFZ 1, C4<z>; HiZ drive
v0x562b325ec1b0_0 .net "clk", 0 0, o0x7f47886fa168;  0 drivers
v0x562b325ec2c0_0 .var/i "k", 31 0;
o0x7f47886fa1c8 .functor BUFZ 1, C4<z>; HiZ drive
v0x562b325ec3a0_0 .net "reset", 0 0, o0x7f47886fa1c8;  0 drivers
E_0x562b325a1e50 .event posedge, v0x562b325ec1b0_0;
v0x562b325ebfd0_3 .array/port v0x562b325ebfd0, 3;
L_0x562b325ec4e0 .part v0x562b325ebfd0_3, 0, 1;
    .scope S_0x562b325a1510;
T_0 ;
    %wait E_0x562b325a1e50;
    %load/vec4 v0x562b325ec3a0_0;
    %flag_set/vec4 8;
    %jmp/0xz  T_0.0, 8;
    %pushi/vec4 0, 0, 32;
    %store/vec4 v0x562b325ec2c0_0, 0, 32;
T_0.2 ;
    %load/vec4 v0x562b325ec2c0_0;
    %cmpi/s 4, 0, 32;
    %jmp/0xz T_0.3, 5;
    %pushi/vec4 0, 0, 8;
    %ix/getv/s 3, v0x562b325ec2c0_0;
    %ix/load 4, 0, 0; Constant delay
    %assign/vec4/a/d v0x562b325ebfd0, 0, 4;
    %load/vec4 v0x562b325ec2c0_0;
    %addi 1, 0, 32;
    %store/vec4 v0x562b325ec2c0_0, 0, 32;
    %jmp T_0.2;
T_0.3 ;
    %jmp T_0.1;
T_0.0 ;
    %pushi/vec4 3, 0, 32;
    %store/vec4 v0x562b325ec2c0_0, 0, 32;
T_0.4 ;
    %load/vec4 v0x562b325ec2c0_0;
    %cmpi/s 0, 0, 32;
    %flag_or 5, 4; GT is !LE
    %flag_inv 5;
    %jmp/0xz T_0.5, 5;
    %load/vec4 v0x562b325ec2c0_0;
    %subi 1, 0, 32;
    %ix/vec4/s 4;
    %load/vec4a v0x562b325ebfd0, 4;
    %ix/getv/s 3, v0x562b325ec2c0_0;
    %ix/load 4, 0, 0; Constant delay
    %assign/vec4/a/d v0x562b325ebfd0, 0, 4;
    %load/vec4 v0x562b325ec2c0_0;
    %subi 1, 0, 32;
    %store/vec4 v0x562b325ec2c0_0, 0, 32;
    %jmp T_0.4;
T_0.5 ;
    %load/vec4 v0x562b325a16f0_0;
    %ix/load 3, 0, 0;
    %flag_set/imm 4, 0;
    %ix/load 4, 0, 0; Constant delay
    %assign/vec4/a/d v0x562b325ebfd0, 0, 4;
T_0.1 ;
    %jmp T_0;
    .thread T_0;
# The file index is used to find the file name in the following table.
:file_names 3;
    "N/A";
    "<interactive>";
    "Registro_scorrimento.v";
