#! /usr/bin/vvp
:ivl_version "12.0 (stable)";
:ivl_delay_selection "TYPICAL";
:vpi_time_precision + 0;
:vpi_module "/usr/lib64/ivl/system.vpi";
:vpi_module "/usr/lib64/ivl/vhdl_sys.vpi";
:vpi_module "/usr/lib64/ivl/vhdl_textio.vpi";
:vpi_module "/usr/lib64/ivl/v2005_math.vpi";
:vpi_module "/usr/lib64/ivl/va_math.vpi";
S_0x55e4ff2ea510 .scope module, "round4" "round4" 2 7;
 .timescale 0 0;
    .port_info 0 /INPUT 8 "Q";
    .port_info 1 /OUTPUT 4 "Y";
P_0x55e4ff2ea6a0 .param/l "RoundCons" 1 2 11, C4<00001000>;
o0x7f4987180018 .functor BUFZ 8, C4<zzzzzzzz>; HiZ drive
v0x55e4ff2ea740_0 .net "Q", 7 0, o0x7f4987180018;  0 drivers
v0x55e4ff332730_0 .net "Y", 3 0, L_0x55e4ff3332f0;  1 drivers
L_0x7f4987137018 .functor BUFT 1, C4<00001000>, C4<0>, C4<0>, C4<0>;
v0x55e4ff332810_0 .net/2u *"_ivl_0", 7 0, L_0x7f4987137018;  1 drivers
v0x55e4ff3328d0_0 .net *"_ivl_11", 4 0, L_0x55e4ff333180;  1 drivers
v0x55e4ff3329b0_0 .net *"_ivl_2", 7 0, L_0x55e4ff332de0;  1 drivers
L_0x7f4987137060 .functor BUFT 1, C4<xxxx>, C4<0>, C4<0>, C4<0>;
v0x55e4ff332ae0_0 .net *"_ivl_7", 3 0, L_0x7f4987137060;  1 drivers
v0x55e4ff332bc0_0 .net *"_ivl_9", 0 0, L_0x55e4ff333060;  1 drivers
v0x55e4ff332ca0_0 .net "tmp", 3 0, L_0x55e4ff332f70;  1 drivers
L_0x55e4ff332de0 .arith/sum 8, o0x7f4987180018, L_0x7f4987137018;
L_0x55e4ff332f70 .part L_0x55e4ff332de0, 0, 4;
L_0x55e4ff333060 .part L_0x55e4ff332f70, 3, 1;
L_0x55e4ff333180 .concat [ 1 4 0 0], L_0x55e4ff333060, L_0x7f4987137060;
L_0x55e4ff3332f0 .part L_0x55e4ff333180, 0, 4;
# The file index is used to find the file name in the following table.
:file_names 3;
    "N/A";
    "<interactive>";
    "round.v";
