#! /usr/bin/vvp
:ivl_version "12.0 (stable)";
:ivl_delay_selection "TYPICAL";
:vpi_time_precision + 0;
:vpi_module "/usr/lib64/ivl/system.vpi";
:vpi_module "/usr/lib64/ivl/vhdl_sys.vpi";
:vpi_module "/usr/lib64/ivl/vhdl_textio.vpi";
:vpi_module "/usr/lib64/ivl/v2005_math.vpi";
:vpi_module "/usr/lib64/ivl/va_math.vpi";
S_0x56262d23d530 .scope module, "LUT51" "LUT51" 2 13;
 .timescale 0 0;
    .port_info 0 /INPUT 5 "A";
    .port_info 1 /OUTPUT 1 "Y";
L_0x56262d2b93d0 .functor NOT 1, L_0x56262d2b9300, C4<0>, C4<0>, C4<0>;
L_0x56262d2b9560 .functor NOT 1, L_0x56262d2b9470, C4<0>, C4<0>, C4<0>;
L_0x56262d2b9620 .functor AND 1, L_0x56262d2b93d0, L_0x56262d2b9560, C4<1>, C4<1>;
L_0x56262d2b97d0 .functor NOT 1, L_0x56262d2b9730, C4<0>, C4<0>, C4<0>;
L_0x56262d2b98c0 .functor AND 1, L_0x56262d2b9620, L_0x56262d2b97d0, C4<1>, C4<1>;
L_0x56262d2b9aa0 .functor NOT 1, L_0x56262d2b99d0, C4<0>, C4<0>, C4<0>;
L_0x56262d2b9b50 .functor AND 1, L_0x56262d2b98c0, L_0x56262d2b9aa0, C4<1>, C4<1>;
L_0x56262d2b9d00 .functor NOT 1, L_0x56262d2b9c60, C4<0>, C4<0>, C4<0>;
L_0x56262d2b9e10 .functor AND 1, L_0x56262d2b9b50, L_0x56262d2b9d00, C4<1>, C4<1>;
L_0x56262d2ba000 .functor NOT 1, L_0x56262d2b9f20, C4<0>, C4<0>, C4<0>;
L_0x56262d2ba1c0 .functor NOT 1, L_0x56262d2ba120, C4<0>, C4<0>, C4<0>;
L_0x56262d2ba230 .functor AND 1, L_0x56262d2ba000, L_0x56262d2ba1c0, C4<1>, C4<1>;
L_0x56262d2ba4a0 .functor AND 1, L_0x56262d2ba230, L_0x56262d2ba3b0, C4<1>, C4<1>;
L_0x56262d2ba650 .functor NOT 1, L_0x56262d2ba5b0, C4<0>, C4<0>, C4<0>;
L_0x56262d2ba340 .functor AND 1, L_0x56262d2ba4a0, L_0x56262d2ba650, C4<1>, C4<1>;
L_0x56262d2ba930 .functor AND 1, L_0x56262d2ba340, L_0x56262d2ba830, C4<1>, C4<1>;
L_0x56262d2baa80 .functor OR 1, L_0x56262d2b9e10, L_0x56262d2ba930, C4<0>, C4<0>;
L_0x56262d2bac30 .functor NOT 1, L_0x56262d2bab90, C4<0>, C4<0>, C4<0>;
L_0x56262d2baea0 .functor NOT 1, L_0x56262d2bad90, C4<0>, C4<0>, C4<0>;
L_0x56262d2baf60 .functor AND 1, L_0x56262d2bac30, L_0x56262d2baea0, C4<1>, C4<1>;
L_0x56262d2bb120 .functor AND 1, L_0x56262d2baf60, L_0x56262d2bacf0, C4<1>, C4<1>;
L_0x56262d2bae30 .functor AND 1, L_0x56262d2bb120, L_0x56262d2bb230, C4<1>, C4<1>;
L_0x56262d2bb550 .functor AND 1, L_0x56262d2bae30, L_0x56262d2bb4b0, C4<1>, C4<1>;
L_0x56262d2bb660 .functor OR 1, L_0x56262d2baa80, L_0x56262d2bb550, C4<0>, C4<0>;
L_0x56262d2bb970 .functor NOT 1, L_0x56262d2bb840, C4<0>, C4<0>, C4<0>;
L_0x56262d2bbad0 .functor NOT 1, L_0x56262d2bba30, C4<0>, C4<0>, C4<0>;
L_0x56262d2bbc70 .functor AND 1, L_0x56262d2bb970, L_0x56262d2bbad0, C4<1>, C4<1>;
L_0x56262d2bbec0 .functor AND 1, L_0x56262d2bbc70, L_0x56262d2bbd80, C4<1>, C4<1>;
L_0x56262d2bc160 .functor NOT 1, L_0x56262d2bc0c0, C4<0>, C4<0>, C4<0>;
L_0x56262d2bc220 .functor AND 1, L_0x56262d2bbec0, L_0x56262d2bc160, C4<1>, C4<1>;
L_0x56262d2bc580 .functor AND 1, L_0x56262d2bc220, L_0x56262d2bc430, C4<1>, C4<1>;
L_0x56262d2bc690 .functor OR 1, L_0x56262d2bb660, L_0x56262d2bc580, C4<0>, C4<0>;
L_0x56262d2bc8b0 .functor NOT 1, L_0x56262d2bbe20, C4<0>, C4<0>, C4<0>;
L_0x56262d2bcad0 .functor AND 1, L_0x56262d2bc8b0, L_0x56262d2bc970, C4<1>, C4<1>;
L_0x56262d2bcda0 .functor AND 1, L_0x56262d2bcad0, L_0x56262d2bcd00, C4<1>, C4<1>;
L_0x56262d2bd020 .functor NOT 1, L_0x56262d2bceb0, C4<0>, C4<0>, C4<0>;
L_0x56262d2bd210 .functor AND 1, L_0x56262d2bcda0, L_0x56262d2bd020, C4<1>, C4<1>;
L_0x56262d2bd3c0 .functor NOT 1, L_0x56262d2bd320, C4<0>, C4<0>, C4<0>;
L_0x56262d2bd5c0 .functor AND 1, L_0x56262d2bd210, L_0x56262d2bd3c0, C4<1>, C4<1>;
L_0x56262d2bd6d0 .functor OR 1, L_0x56262d2bc690, L_0x56262d2bd5c0, C4<0>, C4<0>;
L_0x56262d2bdab0 .functor NOT 1, L_0x56262d2bd930, C4<0>, C4<0>, C4<0>;
L_0x56262d2bdc10 .functor AND 1, L_0x56262d2bdab0, L_0x56262d2bdb70, C4<1>, C4<1>;
L_0x56262d2be010 .functor AND 1, L_0x56262d2bdc10, L_0x56262d2bde80, C4<1>, C4<1>;
L_0x56262d2be1c0 .functor NOT 1, L_0x56262d2be120, C4<0>, C4<0>, C4<0>;
L_0x56262d2be3f0 .functor AND 1, L_0x56262d2be010, L_0x56262d2be1c0, C4<1>, C4<1>;
L_0x56262d2be6a0 .functor AND 1, L_0x56262d2be3f0, L_0x56262d2be500, C4<1>, C4<1>;
L_0x56262d2be930 .functor OR 1, L_0x56262d2bd6d0, L_0x56262d2be6a0, C4<0>, C4<0>;
L_0x56262d2beae0 .functor NOT 1, L_0x56262d2bea40, C4<0>, C4<0>, C4<0>;
L_0x56262d2beee0 .functor AND 1, L_0x56262d2beae0, L_0x56262d2bed30, C4<1>, C4<1>;
L_0x56262d2bf090 .functor AND 1, L_0x56262d2beee0, L_0x56262d2beff0, C4<1>, C4<1>;
L_0x56262d2bf500 .functor AND 1, L_0x56262d2bf090, L_0x56262d2bf340, C4<1>, C4<1>;
L_0x56262d2bf6b0 .functor AND 1, L_0x56262d2bf500, L_0x56262d2bf610, C4<1>, C4<1>;
L_0x56262d2bf970 .functor OR 1, L_0x56262d2be930, L_0x56262d2bf6b0, C4<0>, C4<0>;
L_0x56262d2bfcf0 .functor NOT 1, L_0x56262d2bfc50, C4<0>, C4<0>, C4<0>;
L_0x56262d2bff70 .functor AND 1, L_0x56262d2bfa80, L_0x56262d2bfcf0, C4<1>, C4<1>;
L_0x56262d2c0260 .functor NOT 1, L_0x56262d2c0080, C4<0>, C4<0>, C4<0>;
L_0x56262d2c04f0 .functor AND 1, L_0x56262d2bff70, L_0x56262d2c0260, C4<1>, C4<1>;
L_0x56262d2c06a0 .functor NOT 1, L_0x56262d2c0600, C4<0>, C4<0>, C4<0>;
L_0x56262d2c0940 .functor AND 1, L_0x56262d2c04f0, L_0x56262d2c06a0, C4<1>, C4<1>;
L_0x56262d2c0c40 .functor NOT 1, L_0x56262d2c0a50, C4<0>, C4<0>, C4<0>;
L_0x56262d2c0ef0 .functor AND 1, L_0x56262d2c0940, L_0x56262d2c0c40, C4<1>, C4<1>;
L_0x56262d2c1000 .functor OR 1, L_0x56262d2bf970, L_0x56262d2c0ef0, C4<0>, C4<0>;
L_0x56262d2c15b0 .functor NOT 1, L_0x56262d2c13b0, C4<0>, C4<0>, C4<0>;
L_0x56262d2c1670 .functor AND 1, L_0x56262d2c1310, L_0x56262d2c15b0, C4<1>, C4<1>;
L_0x56262d2c1a30 .functor NOT 1, L_0x56262d2c1990, C4<0>, C4<0>, C4<0>;
L_0x56262d2c1af0 .functor AND 1, L_0x56262d2c1670, L_0x56262d2c1a30, C4<1>, C4<1>;
L_0x56262d2c2030 .functor AND 1, L_0x56262d2c1af0, L_0x56262d2c1e20, C4<1>, C4<1>;
L_0x56262d2c21e0 .functor AND 1, L_0x56262d2c2030, L_0x56262d2c2140, C4<1>, C4<1>;
L_0x56262d2c2520 .functor OR 1, L_0x56262d2c1000, L_0x56262d2c21e0, C4<0>, C4<0>;
L_0x56262d2c28f0 .functor NOT 1, L_0x56262d2c2850, C4<0>, C4<0>, C4<0>;
L_0x56262d2c2bf0 .functor AND 1, L_0x56262d2c2630, L_0x56262d2c28f0, C4<1>, C4<1>;
L_0x56262d2c2f30 .functor AND 1, L_0x56262d2c2bf0, L_0x56262d2c2d00, C4<1>, C4<1>;
L_0x56262d2c3330 .functor NOT 1, L_0x56262d2c3290, C4<0>, C4<0>, C4<0>;
L_0x56262d2c33f0 .functor AND 1, L_0x56262d2c2f30, L_0x56262d2c3330, C4<1>, C4<1>;
L_0x56262d2c39a0 .functor NOT 1, L_0x56262d2c3760, C4<0>, C4<0>, C4<0>;
L_0x56262d2c3a60 .functor AND 1, L_0x56262d2c33f0, L_0x56262d2c39a0, C4<1>, C4<1>;
L_0x56262d2c3de0 .functor OR 1, L_0x56262d2c2520, L_0x56262d2c3a60, C4<0>, C4<0>;
L_0x56262d2c41e0 .functor AND 1, L_0x56262d2c3ef0, L_0x56262d2c3f90, C4<1>, C4<1>;
L_0x56262d2c4610 .functor NOT 1, L_0x56262d2c4570, C4<0>, C4<0>, C4<0>;
L_0x56262d2c46d0 .functor AND 1, L_0x56262d2c41e0, L_0x56262d2c4610, C4<1>, C4<1>;
L_0x56262d2c4cd0 .functor AND 1, L_0x56262d2c46d0, L_0x56262d2c4a70, C4<1>, C4<1>;
L_0x56262d2c4e80 .functor NOT 1, L_0x56262d2c4de0, C4<0>, C4<0>, C4<0>;
L_0x56262d2c51e0 .functor AND 1, L_0x56262d2c4cd0, L_0x56262d2c4e80, C4<1>, C4<1>;
L_0x56262d2c52f0 .functor OR 1, L_0x56262d2c3de0, L_0x56262d2c51e0, C4<0>, C4<0>;
L_0x56262d2c59c0 .functor AND 1, L_0x56262d2c56b0, L_0x56262d2c5920, C4<1>, C4<1>;
L_0x56262d2c5d50 .functor AND 1, L_0x56262d2c59c0, L_0x56262d2c5ad0, C4<1>, C4<1>;
L_0x56262d2c61c0 .functor AND 1, L_0x56262d2c5d50, L_0x56262d2c6120, C4<1>, C4<1>;
L_0x56262d2c6560 .functor AND 1, L_0x56262d2c61c0, L_0x56262d2c62d0, C4<1>, C4<1>;
L_0x56262d2c6940 .functor OR 1, L_0x56262d2c52f0, L_0x56262d2c6560, C4<0>, C4<0>;
o0x7fb3ed4d9018 .functor BUFZ 5, C4<zzzzz>; HiZ drive
v0x56262d23d6c0_0 .net "A", 4 0, o0x7fb3ed4d9018;  0 drivers
v0x56262d2b00f0_0 .net "Y", 0 0, L_0x56262d2c6940;  1 drivers
v0x56262d2b01b0_0 .net *"_ivl_1", 0 0, L_0x56262d2b9300;  1 drivers
v0x56262d2b0270_0 .net *"_ivl_100", 0 0, L_0x56262d2bc580;  1 drivers
v0x56262d2b0350_0 .net *"_ivl_102", 0 0, L_0x56262d2bc690;  1 drivers
v0x56262d2b0480_0 .net *"_ivl_105", 0 0, L_0x56262d2bbe20;  1 drivers
v0x56262d2b0560_0 .net *"_ivl_106", 0 0, L_0x56262d2bc8b0;  1 drivers
v0x56262d2b0640_0 .net *"_ivl_109", 0 0, L_0x56262d2bc970;  1 drivers
v0x56262d2b0720_0 .net *"_ivl_11", 0 0, L_0x56262d2b9730;  1 drivers
v0x56262d2b0800_0 .net *"_ivl_110", 0 0, L_0x56262d2bcad0;  1 drivers
v0x56262d2b08e0_0 .net *"_ivl_113", 0 0, L_0x56262d2bcd00;  1 drivers
v0x56262d2b09c0_0 .net *"_ivl_114", 0 0, L_0x56262d2bcda0;  1 drivers
v0x56262d2b0aa0_0 .net *"_ivl_117", 0 0, L_0x56262d2bceb0;  1 drivers
v0x56262d2b0b80_0 .net *"_ivl_118", 0 0, L_0x56262d2bd020;  1 drivers
v0x56262d2b0c60_0 .net *"_ivl_12", 0 0, L_0x56262d2b97d0;  1 drivers
v0x56262d2b0d40_0 .net *"_ivl_120", 0 0, L_0x56262d2bd210;  1 drivers
v0x56262d2b0e20_0 .net *"_ivl_123", 0 0, L_0x56262d2bd320;  1 drivers
v0x56262d2b1010_0 .net *"_ivl_124", 0 0, L_0x56262d2bd3c0;  1 drivers
v0x56262d2b10f0_0 .net *"_ivl_126", 0 0, L_0x56262d2bd5c0;  1 drivers
v0x56262d2b11d0_0 .net *"_ivl_128", 0 0, L_0x56262d2bd6d0;  1 drivers
v0x56262d2b12b0_0 .net *"_ivl_131", 0 0, L_0x56262d2bd930;  1 drivers
v0x56262d2b1390_0 .net *"_ivl_132", 0 0, L_0x56262d2bdab0;  1 drivers
v0x56262d2b1470_0 .net *"_ivl_135", 0 0, L_0x56262d2bdb70;  1 drivers
v0x56262d2b1550_0 .net *"_ivl_136", 0 0, L_0x56262d2bdc10;  1 drivers
v0x56262d2b1630_0 .net *"_ivl_139", 0 0, L_0x56262d2bde80;  1 drivers
v0x56262d2b1710_0 .net *"_ivl_14", 0 0, L_0x56262d2b98c0;  1 drivers
v0x56262d2b17f0_0 .net *"_ivl_140", 0 0, L_0x56262d2be010;  1 drivers
v0x56262d2b18d0_0 .net *"_ivl_143", 0 0, L_0x56262d2be120;  1 drivers
v0x56262d2b19b0_0 .net *"_ivl_144", 0 0, L_0x56262d2be1c0;  1 drivers
v0x56262d2b1a90_0 .net *"_ivl_146", 0 0, L_0x56262d2be3f0;  1 drivers
v0x56262d2b1b70_0 .net *"_ivl_149", 0 0, L_0x56262d2be500;  1 drivers
v0x56262d2b1c50_0 .net *"_ivl_150", 0 0, L_0x56262d2be6a0;  1 drivers
v0x56262d2b1d30_0 .net *"_ivl_152", 0 0, L_0x56262d2be930;  1 drivers
v0x56262d2b2020_0 .net *"_ivl_155", 0 0, L_0x56262d2bea40;  1 drivers
v0x56262d2b2100_0 .net *"_ivl_156", 0 0, L_0x56262d2beae0;  1 drivers
v0x56262d2b21e0_0 .net *"_ivl_159", 0 0, L_0x56262d2bed30;  1 drivers
v0x56262d2b22c0_0 .net *"_ivl_160", 0 0, L_0x56262d2beee0;  1 drivers
v0x56262d2b23a0_0 .net *"_ivl_163", 0 0, L_0x56262d2beff0;  1 drivers
v0x56262d2b2480_0 .net *"_ivl_164", 0 0, L_0x56262d2bf090;  1 drivers
v0x56262d2b2560_0 .net *"_ivl_167", 0 0, L_0x56262d2bf340;  1 drivers
v0x56262d2b2640_0 .net *"_ivl_168", 0 0, L_0x56262d2bf500;  1 drivers
v0x56262d2b2720_0 .net *"_ivl_17", 0 0, L_0x56262d2b99d0;  1 drivers
v0x56262d2b2800_0 .net *"_ivl_171", 0 0, L_0x56262d2bf610;  1 drivers
v0x56262d2b28e0_0 .net *"_ivl_172", 0 0, L_0x56262d2bf6b0;  1 drivers
v0x56262d2b29c0_0 .net *"_ivl_174", 0 0, L_0x56262d2bf970;  1 drivers
v0x56262d2b2aa0_0 .net *"_ivl_177", 0 0, L_0x56262d2bfa80;  1 drivers
v0x56262d2b2b80_0 .net *"_ivl_179", 0 0, L_0x56262d2bfc50;  1 drivers
v0x56262d2b2c60_0 .net *"_ivl_18", 0 0, L_0x56262d2b9aa0;  1 drivers
v0x56262d2b2d40_0 .net *"_ivl_180", 0 0, L_0x56262d2bfcf0;  1 drivers
v0x56262d2b2e20_0 .net *"_ivl_182", 0 0, L_0x56262d2bff70;  1 drivers
v0x56262d2b2f00_0 .net *"_ivl_185", 0 0, L_0x56262d2c0080;  1 drivers
v0x56262d2b2fe0_0 .net *"_ivl_186", 0 0, L_0x56262d2c0260;  1 drivers
v0x56262d2b30c0_0 .net *"_ivl_188", 0 0, L_0x56262d2c04f0;  1 drivers
v0x56262d2b31a0_0 .net *"_ivl_191", 0 0, L_0x56262d2c0600;  1 drivers
v0x56262d2b3280_0 .net *"_ivl_192", 0 0, L_0x56262d2c06a0;  1 drivers
v0x56262d2b3360_0 .net *"_ivl_194", 0 0, L_0x56262d2c0940;  1 drivers
v0x56262d2b3440_0 .net *"_ivl_197", 0 0, L_0x56262d2c0a50;  1 drivers
v0x56262d2b3520_0 .net *"_ivl_198", 0 0, L_0x56262d2c0c40;  1 drivers
v0x56262d2b3600_0 .net *"_ivl_2", 0 0, L_0x56262d2b93d0;  1 drivers
v0x56262d2b36e0_0 .net *"_ivl_20", 0 0, L_0x56262d2b9b50;  1 drivers
v0x56262d2b37c0_0 .net *"_ivl_200", 0 0, L_0x56262d2c0ef0;  1 drivers
v0x56262d2b38a0_0 .net *"_ivl_202", 0 0, L_0x56262d2c1000;  1 drivers
v0x56262d2b3980_0 .net *"_ivl_205", 0 0, L_0x56262d2c1310;  1 drivers
v0x56262d2b3a60_0 .net *"_ivl_207", 0 0, L_0x56262d2c13b0;  1 drivers
v0x56262d2b3b40_0 .net *"_ivl_208", 0 0, L_0x56262d2c15b0;  1 drivers
v0x56262d2b4030_0 .net *"_ivl_210", 0 0, L_0x56262d2c1670;  1 drivers
v0x56262d2b4110_0 .net *"_ivl_213", 0 0, L_0x56262d2c1990;  1 drivers
v0x56262d2b41f0_0 .net *"_ivl_214", 0 0, L_0x56262d2c1a30;  1 drivers
v0x56262d2b42d0_0 .net *"_ivl_216", 0 0, L_0x56262d2c1af0;  1 drivers
v0x56262d2b43b0_0 .net *"_ivl_219", 0 0, L_0x56262d2c1e20;  1 drivers
v0x56262d2b4490_0 .net *"_ivl_220", 0 0, L_0x56262d2c2030;  1 drivers
v0x56262d2b4570_0 .net *"_ivl_223", 0 0, L_0x56262d2c2140;  1 drivers
v0x56262d2b4650_0 .net *"_ivl_224", 0 0, L_0x56262d2c21e0;  1 drivers
v0x56262d2b4730_0 .net *"_ivl_226", 0 0, L_0x56262d2c2520;  1 drivers
v0x56262d2b4810_0 .net *"_ivl_229", 0 0, L_0x56262d2c2630;  1 drivers
v0x56262d2b48f0_0 .net *"_ivl_23", 0 0, L_0x56262d2b9c60;  1 drivers
v0x56262d2b49d0_0 .net *"_ivl_231", 0 0, L_0x56262d2c2850;  1 drivers
v0x56262d2b4ab0_0 .net *"_ivl_232", 0 0, L_0x56262d2c28f0;  1 drivers
v0x56262d2b4b90_0 .net *"_ivl_234", 0 0, L_0x56262d2c2bf0;  1 drivers
v0x56262d2b4c70_0 .net *"_ivl_237", 0 0, L_0x56262d2c2d00;  1 drivers
v0x56262d2b4d50_0 .net *"_ivl_238", 0 0, L_0x56262d2c2f30;  1 drivers
v0x56262d2b4e30_0 .net *"_ivl_24", 0 0, L_0x56262d2b9d00;  1 drivers
v0x56262d2b4f10_0 .net *"_ivl_241", 0 0, L_0x56262d2c3290;  1 drivers
v0x56262d2b4ff0_0 .net *"_ivl_242", 0 0, L_0x56262d2c3330;  1 drivers
v0x56262d2b50d0_0 .net *"_ivl_244", 0 0, L_0x56262d2c33f0;  1 drivers
v0x56262d2b51b0_0 .net *"_ivl_247", 0 0, L_0x56262d2c3760;  1 drivers
v0x56262d2b5290_0 .net *"_ivl_248", 0 0, L_0x56262d2c39a0;  1 drivers
v0x56262d2b5370_0 .net *"_ivl_250", 0 0, L_0x56262d2c3a60;  1 drivers
v0x56262d2b5450_0 .net *"_ivl_252", 0 0, L_0x56262d2c3de0;  1 drivers
v0x56262d2b5530_0 .net *"_ivl_255", 0 0, L_0x56262d2c3ef0;  1 drivers
v0x56262d2b5610_0 .net *"_ivl_257", 0 0, L_0x56262d2c3f90;  1 drivers
v0x56262d2b56f0_0 .net *"_ivl_258", 0 0, L_0x56262d2c41e0;  1 drivers
v0x56262d2b57d0_0 .net *"_ivl_26", 0 0, L_0x56262d2b9e10;  1 drivers
v0x56262d2b58b0_0 .net *"_ivl_261", 0 0, L_0x56262d2c4570;  1 drivers
v0x56262d2b5990_0 .net *"_ivl_262", 0 0, L_0x56262d2c4610;  1 drivers
v0x56262d2b5a70_0 .net *"_ivl_264", 0 0, L_0x56262d2c46d0;  1 drivers
v0x56262d2b5b50_0 .net *"_ivl_267", 0 0, L_0x56262d2c4a70;  1 drivers
v0x56262d2b5c30_0 .net *"_ivl_268", 0 0, L_0x56262d2c4cd0;  1 drivers
v0x56262d2b5d10_0 .net *"_ivl_271", 0 0, L_0x56262d2c4de0;  1 drivers
v0x56262d2b5df0_0 .net *"_ivl_272", 0 0, L_0x56262d2c4e80;  1 drivers
v0x56262d2b5ed0_0 .net *"_ivl_274", 0 0, L_0x56262d2c51e0;  1 drivers
v0x56262d2b5fb0_0 .net *"_ivl_276", 0 0, L_0x56262d2c52f0;  1 drivers
v0x56262d2b6090_0 .net *"_ivl_279", 0 0, L_0x56262d2c56b0;  1 drivers
v0x56262d2b6170_0 .net *"_ivl_281", 0 0, L_0x56262d2c5920;  1 drivers
v0x56262d2b6250_0 .net *"_ivl_282", 0 0, L_0x56262d2c59c0;  1 drivers
v0x56262d2b6330_0 .net *"_ivl_285", 0 0, L_0x56262d2c5ad0;  1 drivers
v0x56262d2b6410_0 .net *"_ivl_286", 0 0, L_0x56262d2c5d50;  1 drivers
v0x56262d2b64f0_0 .net *"_ivl_289", 0 0, L_0x56262d2c6120;  1 drivers
v0x56262d2b65d0_0 .net *"_ivl_29", 0 0, L_0x56262d2b9f20;  1 drivers
v0x56262d2b66b0_0 .net *"_ivl_290", 0 0, L_0x56262d2c61c0;  1 drivers
v0x56262d2b6790_0 .net *"_ivl_293", 0 0, L_0x56262d2c62d0;  1 drivers
v0x56262d2b6870_0 .net *"_ivl_294", 0 0, L_0x56262d2c6560;  1 drivers
v0x56262d2b6950_0 .net *"_ivl_30", 0 0, L_0x56262d2ba000;  1 drivers
v0x56262d2b6a30_0 .net *"_ivl_33", 0 0, L_0x56262d2ba120;  1 drivers
v0x56262d2b6b10_0 .net *"_ivl_34", 0 0, L_0x56262d2ba1c0;  1 drivers
v0x56262d2b6bf0_0 .net *"_ivl_36", 0 0, L_0x56262d2ba230;  1 drivers
v0x56262d2b6cd0_0 .net *"_ivl_39", 0 0, L_0x56262d2ba3b0;  1 drivers
v0x56262d2b6db0_0 .net *"_ivl_40", 0 0, L_0x56262d2ba4a0;  1 drivers
v0x56262d2b6e90_0 .net *"_ivl_43", 0 0, L_0x56262d2ba5b0;  1 drivers
v0x56262d2b6f70_0 .net *"_ivl_44", 0 0, L_0x56262d2ba650;  1 drivers
v0x56262d2b7050_0 .net *"_ivl_46", 0 0, L_0x56262d2ba340;  1 drivers
v0x56262d2b7130_0 .net *"_ivl_49", 0 0, L_0x56262d2ba830;  1 drivers
v0x56262d2b7210_0 .net *"_ivl_5", 0 0, L_0x56262d2b9470;  1 drivers
v0x56262d2b72f0_0 .net *"_ivl_50", 0 0, L_0x56262d2ba930;  1 drivers
v0x56262d2b73d0_0 .net *"_ivl_52", 0 0, L_0x56262d2baa80;  1 drivers
v0x56262d2b74b0_0 .net *"_ivl_55", 0 0, L_0x56262d2bab90;  1 drivers
v0x56262d2b7590_0 .net *"_ivl_56", 0 0, L_0x56262d2bac30;  1 drivers
v0x56262d2b7670_0 .net *"_ivl_59", 0 0, L_0x56262d2bad90;  1 drivers
v0x56262d2b7750_0 .net *"_ivl_6", 0 0, L_0x56262d2b9560;  1 drivers
v0x56262d2b8040_0 .net *"_ivl_60", 0 0, L_0x56262d2baea0;  1 drivers
v0x56262d2b8120_0 .net *"_ivl_62", 0 0, L_0x56262d2baf60;  1 drivers
v0x56262d2b8200_0 .net *"_ivl_65", 0 0, L_0x56262d2bacf0;  1 drivers
v0x56262d2b82e0_0 .net *"_ivl_66", 0 0, L_0x56262d2bb120;  1 drivers
v0x56262d2b83c0_0 .net *"_ivl_69", 0 0, L_0x56262d2bb230;  1 drivers
v0x56262d2b84a0_0 .net *"_ivl_70", 0 0, L_0x56262d2bae30;  1 drivers
v0x56262d2b8580_0 .net *"_ivl_73", 0 0, L_0x56262d2bb4b0;  1 drivers
v0x56262d2b8660_0 .net *"_ivl_74", 0 0, L_0x56262d2bb550;  1 drivers
v0x56262d2b8740_0 .net *"_ivl_76", 0 0, L_0x56262d2bb660;  1 drivers
v0x56262d2b8820_0 .net *"_ivl_79", 0 0, L_0x56262d2bb840;  1 drivers
v0x56262d2b8900_0 .net *"_ivl_8", 0 0, L_0x56262d2b9620;  1 drivers
v0x56262d2b89e0_0 .net *"_ivl_80", 0 0, L_0x56262d2bb970;  1 drivers
v0x56262d2b8ac0_0 .net *"_ivl_83", 0 0, L_0x56262d2bba30;  1 drivers
v0x56262d2b8ba0_0 .net *"_ivl_84", 0 0, L_0x56262d2bbad0;  1 drivers
v0x56262d2b8c80_0 .net *"_ivl_86", 0 0, L_0x56262d2bbc70;  1 drivers
v0x56262d2b8d60_0 .net *"_ivl_89", 0 0, L_0x56262d2bbd80;  1 drivers
v0x56262d2b8e40_0 .net *"_ivl_90", 0 0, L_0x56262d2bbec0;  1 drivers
v0x56262d2b8f20_0 .net *"_ivl_93", 0 0, L_0x56262d2bc0c0;  1 drivers
v0x56262d2b9000_0 .net *"_ivl_94", 0 0, L_0x56262d2bc160;  1 drivers
v0x56262d2b90e0_0 .net *"_ivl_96", 0 0, L_0x56262d2bc220;  1 drivers
v0x56262d2b91c0_0 .net *"_ivl_99", 0 0, L_0x56262d2bc430;  1 drivers
L_0x56262d2b9300 .part o0x7fb3ed4d9018, 4, 1;
L_0x56262d2b9470 .part o0x7fb3ed4d9018, 3, 1;
L_0x56262d2b9730 .part o0x7fb3ed4d9018, 2, 1;
L_0x56262d2b99d0 .part o0x7fb3ed4d9018, 1, 1;
L_0x56262d2b9c60 .part o0x7fb3ed4d9018, 0, 1;
L_0x56262d2b9f20 .part o0x7fb3ed4d9018, 4, 1;
L_0x56262d2ba120 .part o0x7fb3ed4d9018, 3, 1;
L_0x56262d2ba3b0 .part o0x7fb3ed4d9018, 2, 1;
L_0x56262d2ba5b0 .part o0x7fb3ed4d9018, 1, 1;
L_0x56262d2ba830 .part o0x7fb3ed4d9018, 0, 1;
L_0x56262d2bab90 .part o0x7fb3ed4d9018, 4, 1;
L_0x56262d2bad90 .part o0x7fb3ed4d9018, 3, 1;
L_0x56262d2bacf0 .part o0x7fb3ed4d9018, 2, 1;
L_0x56262d2bb230 .part o0x7fb3ed4d9018, 1, 1;
L_0x56262d2bb4b0 .part o0x7fb3ed4d9018, 0, 1;
L_0x56262d2bb840 .part o0x7fb3ed4d9018, 4, 1;
L_0x56262d2bba30 .part o0x7fb3ed4d9018, 3, 1;
L_0x56262d2bbd80 .part o0x7fb3ed4d9018, 2, 1;
L_0x56262d2bc0c0 .part o0x7fb3ed4d9018, 1, 1;
L_0x56262d2bc430 .part o0x7fb3ed4d9018, 0, 1;
L_0x56262d2bbe20 .part o0x7fb3ed4d9018, 4, 1;
L_0x56262d2bc970 .part o0x7fb3ed4d9018, 3, 1;
L_0x56262d2bcd00 .part o0x7fb3ed4d9018, 2, 1;
L_0x56262d2bceb0 .part o0x7fb3ed4d9018, 1, 1;
L_0x56262d2bd320 .part o0x7fb3ed4d9018, 0, 1;
L_0x56262d2bd930 .part o0x7fb3ed4d9018, 4, 1;
L_0x56262d2bdb70 .part o0x7fb3ed4d9018, 3, 1;
L_0x56262d2bde80 .part o0x7fb3ed4d9018, 2, 1;
L_0x56262d2be120 .part o0x7fb3ed4d9018, 1, 1;
L_0x56262d2be500 .part o0x7fb3ed4d9018, 0, 1;
L_0x56262d2bea40 .part o0x7fb3ed4d9018, 4, 1;
L_0x56262d2bed30 .part o0x7fb3ed4d9018, 3, 1;
L_0x56262d2beff0 .part o0x7fb3ed4d9018, 2, 1;
L_0x56262d2bf340 .part o0x7fb3ed4d9018, 1, 1;
L_0x56262d2bf610 .part o0x7fb3ed4d9018, 0, 1;
L_0x56262d2bfa80 .part o0x7fb3ed4d9018, 4, 1;
L_0x56262d2bfc50 .part o0x7fb3ed4d9018, 3, 1;
L_0x56262d2c0080 .part o0x7fb3ed4d9018, 2, 1;
L_0x56262d2c0600 .part o0x7fb3ed4d9018, 1, 1;
L_0x56262d2c0a50 .part o0x7fb3ed4d9018, 0, 1;
L_0x56262d2c1310 .part o0x7fb3ed4d9018, 4, 1;
L_0x56262d2c13b0 .part o0x7fb3ed4d9018, 3, 1;
L_0x56262d2c1990 .part o0x7fb3ed4d9018, 2, 1;
L_0x56262d2c1e20 .part o0x7fb3ed4d9018, 1, 1;
L_0x56262d2c2140 .part o0x7fb3ed4d9018, 0, 1;
L_0x56262d2c2630 .part o0x7fb3ed4d9018, 4, 1;
L_0x56262d2c2850 .part o0x7fb3ed4d9018, 3, 1;
L_0x56262d2c2d00 .part o0x7fb3ed4d9018, 2, 1;
L_0x56262d2c3290 .part o0x7fb3ed4d9018, 1, 1;
L_0x56262d2c3760 .part o0x7fb3ed4d9018, 0, 1;
L_0x56262d2c3ef0 .part o0x7fb3ed4d9018, 4, 1;
L_0x56262d2c3f90 .part o0x7fb3ed4d9018, 3, 1;
L_0x56262d2c4570 .part o0x7fb3ed4d9018, 2, 1;
L_0x56262d2c4a70 .part o0x7fb3ed4d9018, 1, 1;
L_0x56262d2c4de0 .part o0x7fb3ed4d9018, 0, 1;
L_0x56262d2c56b0 .part o0x7fb3ed4d9018, 4, 1;
L_0x56262d2c5920 .part o0x7fb3ed4d9018, 3, 1;
L_0x56262d2c5ad0 .part o0x7fb3ed4d9018, 2, 1;
L_0x56262d2c6120 .part o0x7fb3ed4d9018, 1, 1;
L_0x56262d2c62d0 .part o0x7fb3ed4d9018, 0, 1;
# The file index is used to find the file name in the following table.
:file_names 3;
    "N/A";
    "<interactive>";
    "9.EX1_bool.v";
