#! /usr/bin/vvp
:ivl_version "12.0 (stable)";
:ivl_delay_selection "TYPICAL";
:vpi_time_precision + 0;
:vpi_module "/usr/lib64/ivl/system.vpi";
:vpi_module "/usr/lib64/ivl/vhdl_sys.vpi";
:vpi_module "/usr/lib64/ivl/vhdl_textio.vpi";
:vpi_module "/usr/lib64/ivl/v2005_math.vpi";
:vpi_module "/usr/lib64/ivl/va_math.vpi";
S_0x564672abc5a0 .scope module, "LUT51" "LUT51" 2 3;
 .timescale 0 0;
    .port_info 0 /INPUT 5 "A";
    .port_info 1 /OUTPUT 1 "Y";
o0x7f4c9f0ad018 .functor BUFZ 5, C4<zzzzz>; HiZ drive
v0x564672abdf60_0 .net "A", 4 0, o0x7f4c9f0ad018;  0 drivers
v0x564672b04600_0 .var "Y", 0 0;
E_0x564672abcb60 .event anyedge, v0x564672abdf60_0;
    .scope S_0x564672abc5a0;
T_0 ;
    %wait E_0x564672abcb60;
    %load/vec4 v0x564672abdf60_0;
    %dup/vec4;
    %pushi/vec4 0, 0, 5;
    %cmp/u;
    %jmp/1 T_0.0, 6;
    %dup/vec4;
    %pushi/vec4 5, 0, 5;
    %cmp/u;
    %jmp/1 T_0.1, 6;
    %dup/vec4;
    %pushi/vec4 7, 0, 5;
    %cmp/u;
    %jmp/1 T_0.2, 6;
    %dup/vec4;
    %pushi/vec4 9, 0, 5;
    %cmp/u;
    %jmp/1 T_0.3, 6;
    %dup/vec4;
    %pushi/vec4 12, 0, 5;
    %cmp/u;
    %jmp/1 T_0.4, 6;
    %dup/vec4;
    %pushi/vec4 13, 0, 5;
    %cmp/u;
    %jmp/1 T_0.5, 6;
    %dup/vec4;
    %pushi/vec4 15, 0, 5;
    %cmp/u;
    %jmp/1 T_0.6, 6;
    %dup/vec4;
    %pushi/vec4 16, 0, 5;
    %cmp/u;
    %jmp/1 T_0.7, 6;
    %dup/vec4;
    %pushi/vec4 19, 0, 5;
    %cmp/u;
    %jmp/1 T_0.8, 6;
    %dup/vec4;
    %pushi/vec4 20, 0, 5;
    %cmp/u;
    %jmp/1 T_0.9, 6;
    %dup/vec4;
    %pushi/vec4 26, 0, 5;
    %cmp/u;
    %jmp/1 T_0.10, 6;
    %dup/vec4;
    %pushi/vec4 31, 0, 5;
    %cmp/u;
    %jmp/1 T_0.11, 6;
    %pushi/vec4 1, 0, 1;
    %assign/vec4 v0x564672b04600_0, 0;
    %jmp T_0.13;
T_0.0 ;
    %pushi/vec4 0, 0, 1;
    %assign/vec4 v0x564672b04600_0, 0;
    %jmp T_0.13;
T_0.1 ;
    %pushi/vec4 0, 0, 1;
    %assign/vec4 v0x564672b04600_0, 0;
    %jmp T_0.13;
T_0.2 ;
    %pushi/vec4 0, 0, 1;
    %assign/vec4 v0x564672b04600_0, 0;
    %jmp T_0.13;
T_0.3 ;
    %pushi/vec4 0, 0, 1;
    %assign/vec4 v0x564672b04600_0, 0;
    %jmp T_0.13;
T_0.4 ;
    %pushi/vec4 0, 0, 1;
    %assign/vec4 v0x564672b04600_0, 0;
    %jmp T_0.13;
T_0.5 ;
    %pushi/vec4 0, 0, 1;
    %assign/vec4 v0x564672b04600_0, 0;
    %jmp T_0.13;
T_0.6 ;
    %pushi/vec4 0, 0, 1;
    %assign/vec4 v0x564672b04600_0, 0;
    %jmp T_0.13;
T_0.7 ;
    %pushi/vec4 0, 0, 1;
    %assign/vec4 v0x564672b04600_0, 0;
    %jmp T_0.13;
T_0.8 ;
    %pushi/vec4 0, 0, 1;
    %assign/vec4 v0x564672b04600_0, 0;
    %jmp T_0.13;
T_0.9 ;
    %pushi/vec4 0, 0, 1;
    %assign/vec4 v0x564672b04600_0, 0;
    %jmp T_0.13;
T_0.10 ;
    %pushi/vec4 0, 0, 1;
    %assign/vec4 v0x564672b04600_0, 0;
    %jmp T_0.13;
T_0.11 ;
    %pushi/vec4 0, 0, 1;
    %assign/vec4 v0x564672b04600_0, 0;
    %jmp T_0.13;
T_0.13 ;
    %pop/vec4 1;
    %jmp T_0;
    .thread T_0, $push;
# The file index is used to find the file name in the following table.
:file_names 3;
    "N/A";
    "<interactive>";
    "9.EX1_case.v";
