#! /usr/bin/vvp
:ivl_version "12.0 (stable)";
:ivl_delay_selection "TYPICAL";
:vpi_time_precision + 0;
:vpi_module "/usr/lib64/ivl/system.vpi";
:vpi_module "/usr/lib64/ivl/vhdl_sys.vpi";
:vpi_module "/usr/lib64/ivl/vhdl_textio.vpi";
:vpi_module "/usr/lib64/ivl/v2005_math.vpi";
:vpi_module "/usr/lib64/ivl/va_math.vpi";
S_0x55efff8c4510 .scope module, "pencoder" "pencoder" 2 11;
 .timescale 0 0;
    .port_info 0 /INPUT 6 "b";
    .port_info 1 /OUTPUT 7 "Y";
L_0x7ff36e853018 .functor BUFT 1, C4<0001>, C4<0>, C4<0>, C4<0>;
v0x55efff8c46a0_0 .net "Dig", 3 0, L_0x7ff36e853018;  1 drivers
v0x55efff90d9f0_0 .var "Y", 6 0;
o0x7ff36e89c078 .functor BUFZ 6, C4<zzzzzz>; HiZ drive
v0x55efff90dad0_0 .net "b", 5 0, o0x7ff36e89c078;  0 drivers
L_0x7ff36e853060 .functor BUFT 1, C4<0>, C4<0>, C4<0>, C4<0>;
v0x55efff90db90_0 .net "idle", 0 0, L_0x7ff36e853060;  1 drivers
E_0x55efff8c4b60 .event anyedge, v0x55efff90dad0_0;
    .scope S_0x55efff8c4510;
T_0 ;
    %wait E_0x55efff8c4b60;
    %load/vec4 v0x55efff90dad0_0;
    %dup/vec4;
    %pushi/vec4 1, 0, 6;
    %cmp/x;
    %jmp/1 T_0.0, 4;
    %dup/vec4;
    %pushi/vec4 3, 1, 6;
    %cmp/x;
    %jmp/1 T_0.1, 4;
    %dup/vec4;
    %pushi/vec4 7, 3, 6;
    %cmp/x;
    %jmp/1 T_0.2, 4;
    %dup/vec4;
    %pushi/vec4 15, 7, 6;
    %cmp/x;
    %jmp/1 T_0.3, 4;
    %dup/vec4;
    %pushi/vec4 31, 15, 6;
    %cmp/x;
    %jmp/1 T_0.4, 4;
    %dup/vec4;
    %pushi/vec4 31, 15, 6;
    %cmp/x;
    %jmp/1 T_0.5, 4;
    %dup/vec4;
    %pushi/vec4 63, 31, 6;
    %cmp/x;
    %jmp/1 T_0.6, 4;
    %pushi/vec4 0, 0, 7;
    %assign/vec4 v0x55efff90d9f0_0, 0;
    %jmp T_0.8;
T_0.0 ;
    %pushi/vec4 63, 0, 7;
    %assign/vec4 v0x55efff90d9f0_0, 0;
    %jmp T_0.8;
T_0.1 ;
    %pushi/vec4 6, 0, 7;
    %assign/vec4 v0x55efff90d9f0_0, 0;
    %jmp T_0.8;
T_0.2 ;
    %pushi/vec4 91, 0, 7;
    %assign/vec4 v0x55efff90d9f0_0, 0;
    %jmp T_0.8;
T_0.3 ;
    %pushi/vec4 79, 0, 7;
    %assign/vec4 v0x55efff90d9f0_0, 0;
    %jmp T_0.8;
T_0.4 ;
    %pushi/vec4 38, 0, 7;
    %assign/vec4 v0x55efff90d9f0_0, 0;
    %jmp T_0.8;
T_0.5 ;
    %pushi/vec4 109, 0, 7;
    %assign/vec4 v0x55efff90d9f0_0, 0;
    %jmp T_0.8;
T_0.6 ;
    %pushi/vec4 109, 0, 7;
    %assign/vec4 v0x55efff90d9f0_0, 0;
    %jmp T_0.8;
T_0.8 ;
    %pop/vec4 1;
    %jmp T_0;
    .thread T_0, $push;
# The file index is used to find the file name in the following table.
:file_names 3;
    "N/A";
    "<interactive>";
    "9.EX5.v";
