#! /usr/bin/vvp
:ivl_version "12.0 (stable)";
:ivl_delay_selection "TYPICAL";
:vpi_time_precision + 0;
:vpi_module "/usr/lib64/ivl/system.vpi";
:vpi_module "/usr/lib64/ivl/vhdl_sys.vpi";
:vpi_module "/usr/lib64/ivl/vhdl_textio.vpi";
:vpi_module "/usr/lib64/ivl/v2005_math.vpi";
:vpi_module "/usr/lib64/ivl/va_math.vpi";
S_0x55f92b8b45a0 .scope module, "LUT4_2" "LUT4_2" 2 1;
 .timescale 0 0;
    .port_info 0 /INPUT 4 "A";
    .port_info 1 /OUTPUT 2 "Y";
o0x7f04c05de018 .functor BUFZ 4, C4<zzzz>; HiZ drive
v0x55f92b8b5f60_0 .net "A", 3 0, o0x7f04c05de018;  0 drivers
v0x55f92b8fcfd0_0 .var "Y", 1 0;
E_0x55f92b8b4b60 .event anyedge, v0x55f92b8b5f60_0;
    .scope S_0x55f92b8b45a0;
T_0 ;
    %wait E_0x55f92b8b4b60;
    %load/vec4 v0x55f92b8b5f60_0;
    %dup/vec4;
    %pushi/vec4 0, 0, 4;
    %cmp/x;
    %jmp/1 T_0.0, 4;
    %dup/vec4;
    %pushi/vec4 3, 0, 4;
    %cmp/x;
    %jmp/1 T_0.1, 4;
    %dup/vec4;
    %pushi/vec4 12, 0, 4;
    %cmp/x;
    %jmp/1 T_0.2, 4;
    %dup/vec4;
    %pushi/vec4 13, 0, 4;
    %cmp/x;
    %jmp/1 T_0.3, 4;
    %dup/vec4;
    %pushi/vec4 15, 0, 4;
    %cmp/x;
    %jmp/1 T_0.4, 4;
    %dup/vec4;
    %pushi/vec4 1, 0, 4;
    %cmp/x;
    %jmp/1 T_0.5, 4;
    %dup/vec4;
    %pushi/vec4 5, 0, 4;
    %cmp/x;
    %jmp/1 T_0.6, 4;
    %dup/vec4;
    %pushi/vec4 11, 0, 4;
    %cmp/x;
    %jmp/1 T_0.7, 4;
    %dup/vec4;
    %pushi/vec4 14, 0, 4;
    %cmp/x;
    %jmp/1 T_0.8, 4;
    %dup/vec4;
    %pushi/vec4 6, 0, 4;
    %cmp/x;
    %jmp/1 T_0.9, 4;
    %dup/vec4;
    %pushi/vec4 7, 0, 4;
    %cmp/x;
    %jmp/1 T_0.10, 4;
    %dup/vec4;
    %pushi/vec4 8, 0, 4;
    %cmp/x;
    %jmp/1 T_0.11, 4;
    %dup/vec4;
    %pushi/vec4 2, 0, 4;
    %cmp/x;
    %jmp/1 T_0.12, 4;
    %pushi/vec4 3, 3, 2;
    %assign/vec4 v0x55f92b8fcfd0_0, 0;
    %jmp T_0.14;
T_0.0 ;
    %pushi/vec4 0, 0, 2;
    %assign/vec4 v0x55f92b8fcfd0_0, 0;
    %jmp T_0.14;
T_0.1 ;
    %pushi/vec4 0, 0, 2;
    %assign/vec4 v0x55f92b8fcfd0_0, 0;
    %jmp T_0.14;
T_0.2 ;
    %pushi/vec4 0, 0, 2;
    %assign/vec4 v0x55f92b8fcfd0_0, 0;
    %jmp T_0.14;
T_0.3 ;
    %pushi/vec4 0, 0, 2;
    %assign/vec4 v0x55f92b8fcfd0_0, 0;
    %jmp T_0.14;
T_0.4 ;
    %pushi/vec4 0, 0, 2;
    %assign/vec4 v0x55f92b8fcfd0_0, 0;
    %jmp T_0.14;
T_0.5 ;
    %pushi/vec4 1, 0, 2;
    %assign/vec4 v0x55f92b8fcfd0_0, 0;
    %jmp T_0.14;
T_0.6 ;
    %pushi/vec4 1, 0, 2;
    %assign/vec4 v0x55f92b8fcfd0_0, 0;
    %jmp T_0.14;
T_0.7 ;
    %pushi/vec4 1, 0, 2;
    %assign/vec4 v0x55f92b8fcfd0_0, 0;
    %jmp T_0.14;
T_0.8 ;
    %pushi/vec4 1, 0, 2;
    %assign/vec4 v0x55f92b8fcfd0_0, 0;
    %jmp T_0.14;
T_0.9 ;
    %pushi/vec4 2, 0, 2;
    %assign/vec4 v0x55f92b8fcfd0_0, 0;
    %jmp T_0.14;
T_0.10 ;
    %pushi/vec4 2, 0, 2;
    %assign/vec4 v0x55f92b8fcfd0_0, 0;
    %jmp T_0.14;
T_0.11 ;
    %pushi/vec4 2, 0, 2;
    %assign/vec4 v0x55f92b8fcfd0_0, 0;
    %jmp T_0.14;
T_0.12 ;
    %pushi/vec4 3, 0, 2;
    %assign/vec4 v0x55f92b8fcfd0_0, 0;
    %jmp T_0.14;
T_0.14 ;
    %pop/vec4 1;
    %jmp T_0;
    .thread T_0, $push;
# The file index is used to find the file name in the following table.
:file_names 3;
    "N/A";
    "<interactive>";
    "9.EX2.v";
